[20:01:29] === Download started: 15 files ===
[20:01:29] Remote manifest fetched, version: 0.7.46
[20:01:29] Downloading 1/15: main.py
[20:01:29]   Expected hash: a06edda1ae0b3c8a...
[20:01:29]   [OK] Successfully downloaded: main.py
[20:01:30] Downloading 2/15: auto_updater.py
[20:01:30]   Expected hash: 3a1ee33ef885cd5a...
[20:01:30]   [OK] Successfully downloaded: auto_updater.py
[20:01:30] Downloading 3/15: launcher.py
[20:01:30]   Expected hash: a96e16ee6962a558...
[20:01:30]   [OK] Successfully downloaded: launcher.py
[20:01:30] Downloading 4/15: songpack_loader.py
[20:01:30]   Expected hash: f4d1d8f559edb44f...
[20:01:31]   [OK] Successfully downloaded: songpack_loader.py
[20:01:31] Downloading 5/15: songpack_ui.py
[20:01:31]   Expected hash: 06a0d9d7278ff2ae...
[20:01:31]   [OK] Successfully downloaded: songpack_ui.py
[20:01:31] Downloading 6/15: assets\box.jpg
[20:01:31]   Expected hash: ...
[20:01:32]   [OK] Successfully downloaded: assets\box.jpg
[20:01:32] Downloading 7/15: assets\boxblue.jpg
[20:01:32]   Expected hash: ...
[20:01:32]   [OK] Successfully downloaded: assets\boxblue.jpg
[20:01:32] Downloading 8/15: assets\boxred.jpg
[20:01:32]   Expected hash: ...
[20:01:33]   [OK] Successfully downloaded: assets\boxred.jpg
[20:01:33] Downloading 9/15: assets\dot.jpg
[20:01:33]   Expected hash: ...
[20:01:33]   [OK] Successfully downloaded: assets\dot.jpg
[20:01:33] Downloading 10/15: assets\dot2.jpg
[20:01:33]   Expected hash: ...
[20:01:33]   [OK] Successfully downloaded: assets\dot2.jpg
[20:01:34] Downloading 11/15: assets\hit.wav
[20:01:34]   Expected hash: ...
[20:01:34]   [OK] Successfully downloaded: assets\hit.wav
[20:01:34] Downloading 12/15: assets\icon.png
[20:01:34]   Expected hash: ...
[20:01:34]   [OK] Successfully downloaded: assets\icon.png
[20:01:35] Downloading 13/15: assets\icon_black.png
[20:01:35]   Expected hash: ...
[20:01:35]   [OK] Successfully downloaded: assets\icon_black.png
[20:01:35] Downloading 14/15: assets\icon_white.png
[20:01:35]   Expected hash: ...
[20:01:35]   [OK] Successfully downloaded: assets\icon_white.png
[20:01:35] Downloading 15/15: assets\songpacks/Piano Minipack of Elegance.zip
[20:01:35]   Expected hash: ...
[20:01:43]   [OK] Successfully downloaded: assets\songpacks/Piano Minipack of Elegance.zip
[20:01:43] All files downloaded successfully, updating manifest...
[20:01:43] [OK] Manifest updated
[20:01:43] Initial download, fetching config files...
[20:01:44]   [OK] Downloaded update_config.json
